# JRE version: OpenJDK Runtime Environment Temurin-11.0.24+8 (11.0.24+8) (build 11.0.24+8)
# Java VM: OpenJDK 64-Bit Server VM Temurin-11.0.24+8 (11.0.24+8, mixed mode, tiered, compressed oops, g1 gc, bsd-aarch64)
Heap:
 garbage-first heap   total 393216K, used 331540K [0x00000007a0000000, 0x00000007c0000000)
  region size 1024K, 191 young (195584K), 9 survivors (9216K)
 Metaspace       used 45026K, capacity 46271K, committed 46464K, reserved 1089536K
  class space    used 6252K, capacity 6726K, committed 6784K, reserved 1048576K
GC Heap History (14 events):
Event: 0.246 GC heap before
{Heap before GC invocations=0 (full 0):
 garbage-first heap   total 393216K, used 24576K [0x00000007a0000000, 0x00000007c0000000)
  region size 1024K, 24 young (24576K), 0 survivors (0K)
 Metaspace       used 14440K, capacity 14705K, committed 14976K, reserved 1062912K
  class space    used 1493K, capacity 1574K, committed 1664K, reserved 1048576K
}
Event: 0.248 GC heap after
{Heap after GC invocations=1 (full 0):
 garbage-first heap   total 393216K, used 6633K [0x00000007a0000000, 0x00000007c0000000)
  region size 1024K, 3 young (3072K), 3 survivors (3072K)
 Metaspace       used 14440K, capacity 14705K, committed 14976K, reserved 1062912K
  class space    used 1493K, capacity 1574K, committed 1664K, reserved 1048576K
}
Event: 0.316 GC heap before
{Heap before GC invocations=1 (full 0):
 garbage-first heap   total 393216K, used 15849K [0x00000007a0000000, 0x00000007c0000000)
  region size 1024K, 13 young (13312K), 3 survivors (3072K)
 Metaspace       used 20612K, capacity 20898K, committed 21248K, reserved 1067008K
  class space    used 2730K, capacity 2839K, committed 3072K, reserved 1048576K
}
Event: 0.317 GC heap after
{Heap after GC invocations=2 (full 0):
 garbage-first heap   total 393216K, used 7089K [0x00000007a0000000, 0x00000007c0000000)
  region size 1024K, 4 young (4096K), 4 survivors (4096K)
 Metaspace       used 20612K, capacity 20898K, committed 21248K, reserved 1067008K
  class space    used 2730K, capacity 2839K, committed 3072K, reserved 1048576K
}
Event: 1.912 GC heap before
{Heap before GC invocations=3 (full 0):
 garbage-first heap   total 393216K, used 38833K [0x00000007a0000000, 0x00000007c0000000)
  region size 1024K, 33 young (33792K), 4 survivors (4096K)
 Metaspace       used 32040K, capacity 32633K, committed 33024K, reserved 1077248K
  class space    used 4779K, capacity 5010K, committed 5120K, reserved 1048576K
}
Event: 1.914 GC heap after
{Heap after GC invocations=4 (full 0):
 garbage-first heap   total 393216K, used 11866K [0x00000007a0000000, 0x00000007c0000000)
  region size 1024K, 4 young (4096K), 4 survivors (4096K)
 Metaspace       used 32040K, capacity 32633K, committed 33024K, reserved 1077248K
  class space    used 4779K, capacity 5010K, committed 5120K, reserved 1048576K
}
Event: 2.114 GC heap before
{Heap before GC invocations=4 (full 0):
 garbage-first heap   total 393216K, used 29274K [0x00000007a0000000, 0x00000007c0000000)
  region size 1024K, 22 young (22528K), 4 survivors (4096K)
 Metaspace       used 35060K, capacity 35679K, committed 35840K, reserved 1079296K
  class space    used 5106K, capacity 5400K, committed 5504K, reserved 1048576K
}
Event: 2.116 GC heap after
{Heap after GC invocations=5 (full 0):
 garbage-first heap   total 393216K, used 13649K [0x00000007a0000000, 0x00000007c0000000)
  region size 1024K, 5 young (5120K), 5 survivors (5120K)
 Metaspace       used 35060K, capacity 35679K, committed 35840K, reserved 1079296K
  class space    used 5106K, capacity 5400K, committed 5504K, reserved 1048576K
}
Event: 3.815 GC heap before
{Heap before GC invocations=6 (full 0):
 garbage-first heap   total 393216K, used 155985K [0x00000007a0000000, 0x00000007c0000000)
  region size 1024K, 122 young (124928K), 5 survivors (5120K)
 Metaspace       used 40156K, capacity 41116K, committed 41472K, reserved 1085440K
  class space    used 5620K, capacity 6019K, committed 6144K, reserved 1048576K
}
Event: 3.818 GC heap after
{Heap after GC invocations=7 (full 0):
 garbage-first heap   total 393216K, used 37510K [0x00000007a0000000, 0x00000007c0000000)
  region size 1024K, 7 young (7168K), 7 survivors (7168K)
 Metaspace       used 40156K, capacity 41116K, committed 41472K, reserved 1085440K
  class space    used 5620K, capacity 6019K, committed 6144K, reserved 1048576K
}
Event: 5.744 GC heap before
{Heap before GC invocations=7 (full 0):
 garbage-first heap   total 393216K, used 254598K [0x00000007a0000000, 0x00000007c0000000)
  region size 1024K, 171 young (175104K), 7 survivors (7168K)
 Metaspace       used 42514K, capacity 43482K, committed 43776K, reserved 1087488K
  class space    used 5935K, capacity 6358K, committed 6400K, reserved 1048576K
}
Event: 5.747 GC heap after
{Heap after GC invocations=8 (full 0):
 garbage-first heap   total 393216K, used 67865K [0x00000007a0000000, 0x00000007c0000000)
  region size 1024K, 8 young (8192K), 8 survivors (8192K)
 Metaspace       used 42514K, capacity 43482K, committed 43776K, reserved 1087488K
  class space    used 5935K, capacity 6358K, committed 6400K, reserved 1048576K
}
Event: 8.526 GC heap before
{Heap before GC invocations=8 (full 0):
 garbage-first heap   total 393216K, used 364825K [0x00000007a0000000, 0x00000007c0000000)
  region size 1024K, 230 young (235520K), 8 survivors (8192K)
 Metaspace       used 44155K, capacity 45251K, committed 45568K, reserved 1087488K
  class space    used 6132K, capacity 6567K, committed 6656K, reserved 1048576K
}
Event: 8.530 GC heap after
{Heap after GC invocations=9 (full 0):
 garbage-first heap   total 393216K, used 92948K [0x00000007a0000000, 0x00000007c0000000)
  region size 1024K, 9 young (9216K), 9 survivors (9216K)
 Metaspace       used 44155K, capacity 45251K, committed 45568K, reserved 1087488K
  class space    used 6132K, capacity 6567K, committed 6656K, reserved 1048576K
}

