# JRE version: OpenJDK Runtime Environment Temurin-11.0.24+8 (11.0.24+8) (build 11.0.24+8)
# Java VM: OpenJDK 64-Bit Server VM Temurin-11.0.24+8 (11.0.24+8, mixed mode, tiered, compressed oops, g1 gc, bsd-aarch64)
Heap:
 garbage-first heap   total 393216K, used 159874K [0x00000007a0000000, 0x00000007c0000000)
  region size 1024K, 143 young (146432K), 8 survivors (8192K)
 Metaspace       used 43545K, capacity 44778K, committed 44784K, reserved 1087488K
  class space    used 5989K, capacity 6448K, committed 6448K, reserved 1048576K
GC Heap History (14 events):
Event: 0.528 GC heap before
{Heap before GC invocations=0 (full 0):
 garbage-first heap   total 393216K, used 24576K [0x00000007a0000000, 0x00000007c0000000)
  region size 1024K, 24 young (24576K), 0 survivors (0K)
 Metaspace       used 14242K, capacity 14448K, committed 14720K, reserved 1062912K
  class space    used 1492K, capacity 1574K, committed 1664K, reserved 1048576K
}
Event: 0.531 GC heap after
{Heap after GC invocations=1 (full 0):
 garbage-first heap   total 393216K, used 6593K [0x00000007a0000000, 0x00000007c0000000)
  region size 1024K, 3 young (3072K), 3 survivors (3072K)
 Metaspace       used 14242K, capacity 14448K, committed 14720K, reserved 1062912K
  class space    used 1492K, capacity 1574K, committed 1664K, reserved 1048576K
}
Event: 0.663 GC heap before
{Heap before GC invocations=1 (full 0):
 garbage-first heap   total 393216K, used 15809K [0x00000007a0000000, 0x00000007c0000000)
  region size 1024K, 13 young (13312K), 3 survivors (3072K)
 Metaspace       used 20622K, capacity 20880K, committed 21296K, reserved 1067008K
  class space    used 2833K, capacity 2950K, committed 3120K, reserved 1048576K
}
Event: 0.673 GC heap after
{Heap after GC invocations=2 (full 0):
 garbage-first heap   total 393216K, used 6593K [0x00000007a0000000, 0x00000007c0000000)
  region size 1024K, 3 young (3072K), 3 survivors (3072K)
 Metaspace       used 20622K, capacity 20880K, committed 21296K, reserved 1067008K
  class space    used 2833K, capacity 2950K, committed 3120K, reserved 1048576K
}
Event: 3.468 GC heap before
{Heap before GC invocations=3 (full 0):
 garbage-first heap   total 393216K, used 37313K [0x00000007a0000000, 0x00000007c0000000)
  region size 1024K, 31 young (31744K), 3 survivors (3072K)
 Metaspace       used 30905K, capacity 31360K, committed 31600K, reserved 1075200K
  class space    used 4677K, capacity 4867K, committed 5040K, reserved 1048576K
}
Event: 3.482 GC heap after
{Heap after GC invocations=4 (full 0):
 garbage-first heap   total 393216K, used 11161K [0x00000007a0000000, 0x00000007c0000000)
  region size 1024K, 3 young (3072K), 3 survivors (3072K)
 Metaspace       used 30905K, capacity 31360K, committed 31600K, reserved 1075200K
  class space    used 4677K, capacity 4867K, committed 5040K, reserved 1048576K
}
Event: 4.970 GC heap before
{Heap before GC invocations=5 (full 0):
 garbage-first heap   total 393216K, used 58265K [0x00000007a0000000, 0x00000007c0000000)
  region size 1024K, 50 young (51200K), 3 survivors (3072K)
 Metaspace       used 38417K, capacity 39225K, committed 39408K, reserved 1083392K
  class space    used 5481K, capacity 5829K, committed 5936K, reserved 1048576K
}
Event: 4.982 GC heap after
{Heap after GC invocations=6 (full 0):
 garbage-first heap   total 393216K, used 15007K [0x00000007a0000000, 0x00000007c0000000)
  region size 1024K, 7 young (7168K), 7 survivors (7168K)
 Metaspace       used 38417K, capacity 39225K, committed 39408K, reserved 1083392K
  class space    used 5481K, capacity 5829K, committed 5936K, reserved 1048576K
}
Event: 5.652 GC heap before
{Heap before GC invocations=6 (full 0):
 garbage-first heap   total 393216K, used 104095K [0x00000007a0000000, 0x00000007c0000000)
  region size 1024K, 84 young (86016K), 7 survivors (7168K)
 Metaspace       used 40989K, capacity 41909K, committed 41968K, reserved 1085440K
  class space    used 5738K, capacity 6146K, committed 6192K, reserved 1048576K
}
Event: 5.656 GC heap after
{Heap after GC invocations=7 (full 0):
 garbage-first heap   total 393216K, used 24067K [0x00000007a0000000, 0x00000007c0000000)
  region size 1024K, 7 young (7168K), 7 survivors (7168K)
 Metaspace       used 40989K, capacity 41909K, committed 41968K, reserved 1085440K
  class space    used 5738K, capacity 6146K, committed 6192K, reserved 1048576K
}
Event: 6.448 GC heap before
{Heap before GC invocations=7 (full 0):
 garbage-first heap   total 393216K, used 172547K [0x00000007a0000000, 0x00000007c0000000)
  region size 1024K, 152 young (155648K), 7 survivors (7168K)
 Metaspace       used 42200K, capacity 43245K, committed 43376K, reserved 1087488K
  class space    used 5862K, capacity 6293K, committed 6320K, reserved 1048576K
}
Event: 6.451 GC heap after
{Heap after GC invocations=8 (full 0):
 garbage-first heap   total 393216K, used 22458K [0x00000007a0000000, 0x00000007c0000000)
  region size 1024K, 8 young (8192K), 8 survivors (8192K)
 Metaspace       used 42200K, capacity 43245K, committed 43376K, reserved 1087488K
  class space    used 5862K, capacity 6293K, committed 6320K, reserved 1048576K
}
Event: 7.590 GC heap before
{Heap before GC invocations=8 (full 0):
 garbage-first heap   total 393216K, used 219066K [0x00000007a0000000, 0x00000007c0000000)
  region size 1024K, 200 young (204800K), 8 survivors (8192K)
 Metaspace       used 43129K, capacity 44284K, committed 44528K, reserved 1087488K
  class space    used 5954K, capacity 6414K, committed 6448K, reserved 1048576K
}
Event: 7.603 GC heap after
{Heap after GC invocations=9 (full 0):
 garbage-first heap   total 393216K, used 22658K [0x00000007a0000000, 0x00000007c0000000)
  region size 1024K, 8 young (8192K), 8 survivors (8192K)
 Metaspace       used 43129K, capacity 44284K, committed 44528K, reserved 1087488K
  class space    used 5954K, capacity 6414K, committed 6448K, reserved 1048576K
}

